<?xml version="1.0" encoding="UTF-8"?>
<testng-results skipped="0" failed="0" ignored="0" total="1" passed="1">
  <reporter-output>
  </reporter-output>
  <suite name="Default suite" duration-ms="261021" started-at="2018-05-21T19:21:41Z" finished-at="2018-05-21T19:26:02Z">
    <groups>
    </groups>
    <test name="Default test" duration-ms="261021" started-at="2018-05-21T19:21:41Z" finished-at="2018-05-21T19:26:02Z">
      <class name="robot.Pagina">
        <test-method status="PASS" signature="f()[pri:0, instance:robot.Pagina@e874448]" name="f" is-config="true" duration-ms="1648" started-at="2018-05-21T19:21:41Z" finished-at="2018-05-21T19:21:43Z">
          <reporter-output>
          </reporter-output>
        </test-method> <!-- f -->
        <test-method status="PASS" signature="Enter()[pri:1, instance:robot.Pagina@e874448]" name="Enter" duration-ms="259357" started-at="2018-05-21T19:21:43Z" finished-at="2018-05-21T19:26:02Z">
          <reporter-output>
          </reporter-output>
        </test-method> <!-- Enter -->
      </class> <!-- robot.Pagina -->
    </test> <!-- Default test -->
  </suite> <!-- Default suite -->
</testng-results>
