<?xml version="1.0" encoding="UTF-8"?>
<testng-results skipped="0" failed="0" ignored="0" total="1" passed="1">
  <reporter-output>
  </reporter-output>
  <suite name="Default suite" duration-ms="191318" started-at="2018-02-26T00:18:31Z" finished-at="2018-02-26T00:21:42Z">
    <groups>
    </groups>
    <test name="Default test" duration-ms="191318" started-at="2018-02-26T00:18:31Z" finished-at="2018-02-26T00:21:42Z">
      <class name="robot.Pagina">
        <test-method status="PASS" signature="f()[pri:0, instance:robot.Pagina@5419f379]" name="f" is-config="true" duration-ms="7483" started-at="2018-02-25T21:18:31Z" finished-at="2018-02-25T21:18:39Z">
          <reporter-output>
          </reporter-output>
        </test-method> <!-- f -->
        <test-method status="PASS" signature="Enter()[pri:1, instance:robot.Pagina@5419f379]" name="Enter" duration-ms="183760" started-at="2018-02-25T21:18:39Z" finished-at="2018-02-25T21:21:42Z">
          <reporter-output>
          </reporter-output>
        </test-method> <!-- Enter -->
      </class> <!-- robot.Pagina -->
    </test> <!-- Default test -->
  </suite> <!-- Default suite -->
</testng-results>
